[35m[1mConsolidate compiler generated dependencies of target plugin_drone[0m
[ 25%] [32mBuilding CXX object CMakeFiles/plugin_drone.dir/src/plugin_drone_private.cpp.o[0m
In file included from [01m[K/opt/ros/humble/include/rclcpp/rclcpp/logging.hpp:24[m[K,
                 from [01m[K/opt/ros/humble/include/gazebo_ros/conversions/generic.hpp:25[m[K,
                 from [01m[K/opt/ros/humble/include/gazebo_ros/conversions/builtin_interfaces.hpp:23[m[K,
                 from [01m[K/home/widha893/ros2_hil_quadrotor/sjtu_drone_description/src/plugin_drone_private.cpp:15[m[K:
[01m[K/home/widha893/ros2_hil_quadrotor/sjtu_drone_description/src/plugin_drone_private.cpp:[m[K In member function â€˜[01m[Kvoid gazebo_plugins::DroneSimpleControllerPrivate::ImuCallback(sensor_msgs::msg::Imu_<std::allocator<void> >::SharedPtr)[m[Kâ€™:
[01m[K/home/widha893/ros2_hil_quadrotor/sjtu_drone_description/src/plugin_drone_private.cpp:278:29:[m[K [01;31m[Kerror: [m[Kâ€˜[01m[Kdegrees[m[Kâ€™ is not a member of â€˜[01m[Kignition::math[m[Kâ€™
  278 |             ignition::math::[01;31m[Kdegrees[m[K(euler.X()),
      |                             [01;31m[K^~~~~~~[m[K
[01m[K/home/widha893/ros2_hil_quadrotor/sjtu_drone_description/src/plugin_drone_private.cpp:279:29:[m[K [01;31m[Kerror: [m[Kâ€˜[01m[Kdegrees[m[Kâ€™ is not a member of â€˜[01m[Kignition::math[m[Kâ€™
  279 |             ignition::math::[01;31m[Kdegrees[m[K(euler.Y()),
      |                             [01;31m[K^~~~~~~[m[K
[01m[K/home/widha893/ros2_hil_quadrotor/sjtu_drone_description/src/plugin_drone_private.cpp:280:29:[m[K [01;31m[Kerror: [m[Kâ€˜[01m[Kdegrees[m[Kâ€™ is not a member of â€˜[01m[Kignition::math[m[Kâ€™
  280 |             ignition::math::[01;31m[Kdegrees[m[K(euler.Z()));
      |                             [01;31m[K^~~~~~~[m[K
gmake[2]: *** [CMakeFiles/plugin_drone.dir/build.make:90: CMakeFiles/plugin_drone.dir/src/plugin_drone_private.cpp.o] Error 1
gmake[1]: *** [CMakeFiles/Makefile2:137: CMakeFiles/plugin_drone.dir/all] Error 2
gmake: *** [Makefile:146: all] Error 2
