[35m[1mConsolidate compiler generated dependencies of target plugin_drone[0m
[ 20%] [32mBuilding CXX object CMakeFiles/plugin_drone.dir/src/plugin_drone.cpp.o[0m
[ 40%] [32mBuilding CXX object CMakeFiles/plugin_drone.dir/src/plugin_drone_private.cpp.o[0m
In file included from [01m[K/home/widha893/ros2_hil_quadrotor/sjtu_drone_description/include/sjtu_drone_description/plugin_drone.h:23[m[K,
                 from [01m[K/home/widha893/ros2_hil_quadrotor/sjtu_drone_description/src/plugin_drone.cpp:15[m[K:
[01m[K/home/widha893/ros2_hil_quadrotor/sjtu_drone_description/include/sjtu_drone_description/plugin_drone_private.h:80:24:[m[K [01;31m[Kerror: [m[Kexpected â€˜[01m[K;[m[Kâ€™ at end of member declaration
   80 |   bool receive_message([01;31m[K)[m[K
      |                        [01;31m[K^[m[K
      |                         [32m[K;[m[K
In file included from [01m[K/home/widha893/ros2_hil_quadrotor/sjtu_drone_description/src/plugin_drone_private.cpp:18[m[K:
[01m[K/home/widha893/ros2_hil_quadrotor/sjtu_drone_description/include/sjtu_drone_description/plugin_drone_private.h:80:24:[m[K [01;31m[Kerror: [m[Kexpected â€˜[01m[K;[m[Kâ€™ at end of member declaration
   80 |   bool receive_message([01;31m[K)[m[K
      |                        [01;31m[K^[m[K
      |                         [32m[K;[m[K
gmake[2]: *** [CMakeFiles/plugin_drone.dir/build.make:76: CMakeFiles/plugin_drone.dir/src/plugin_drone.cpp.o] Error 1
gmake[2]: *** Waiting for unfinished jobs....
gmake[2]: *** [CMakeFiles/plugin_drone.dir/build.make:90: CMakeFiles/plugin_drone.dir/src/plugin_drone_private.cpp.o] Error 1
gmake[1]: *** [CMakeFiles/Makefile2:137: CMakeFiles/plugin_drone.dir/all] Error 2
gmake: *** [Makefile:146: all] Error 2
