In file included from [01m[K/opt/ros/humble/include/gazebo_ros/conversions/generic.hpp:25[m[K,
                 from [01m[K/opt/ros/humble/include/gazebo_ros/conversions/builtin_interfaces.hpp:23[m[K,
                 from [01m[K/home/widha893/ros2_hil_quadrotor/sjtu_drone_description/src/plugin_drone_private.cpp:15[m[K:
[01m[K/home/widha893/ros2_hil_quadrotor/sjtu_drone_description/src/plugin_drone_private.cpp:[m[K In member function â€˜[01m[Kvoid gazebo_plugins::DroneSimpleControllerPrivate::UpdateDynamics(double)[m[Kâ€™:
[01m[K/home/widha893/ros2_hil_quadrotor/sjtu_drone_description/src/plugin_drone_private.cpp:607:17:[m[K [01;31m[Kerror: [m[Kâ€˜[01m[Kros_node[m[Kâ€™ was not declared in this scope; did you mean â€˜[01m[Kros_node_[m[Kâ€™?
  607 |     RCLCPP_INFO([01;31m[Kros_node[m[K->get_logger(), "cmd_vel: %.2f, %.2f", cmd_vel.linear.x, cmd_vel.linear.y);
      |                 [01;31m[K^~~~~~~~[m[K
[01m[K/home/widha893/ros2_hil_quadrotor/sjtu_drone_description/src/plugin_drone_private.cpp:607:5:[m[K [01;31m[Kerror: [m[Ktemplate argument 1 is invalid
  607 |     [01;31m[KRCLCPP_INFO[m[K(ros_node->get_logger(), "cmd_vel: %.2f, %.2f", cmd_vel.linear.x, cmd_vel.linear.y);
      |     [01;31m[K^~~~~~~~~~~[m[K
[01m[K/home/widha893/ros2_hil_quadrotor/sjtu_drone_description/src/plugin_drone_private.cpp:607:5:[m[K [01;31m[Kerror: [m[Ktemplate argument 1 is invalid
  607 |     [01;31m[KRCLCPP_INFO[m[K(ros_node->get_logger(), "cmd_vel: %.2f, %.2f", cmd_vel.linear.x, cmd_vel.linear.y);
      |     [01;31m[K^~~~~~~~~~~[m[K
[01m[K/home/widha893/ros2_hil_quadrotor/sjtu_drone_description/src/plugin_drone_private.cpp:607:5:[m[K [01;31m[Kerror: [m[Ktemplate argument 1 is invalid
  607 |     [01;31m[KRCLCPP_INFO[m[K(ros_node->get_logger(), "cmd_vel: %.2f, %.2f", cmd_vel.linear.x, cmd_vel.linear.y);
      |     [01;31m[K^~~~~~~~~~~[m[K
gmake[2]: *** [CMakeFiles/plugin_drone.dir/build.make:90: CMakeFiles/plugin_drone.dir/src/plugin_drone_private.cpp.o] Error 1
gmake[1]: *** [CMakeFiles/Makefile2:137: CMakeFiles/plugin_drone.dir/all] Error 2
gmake: *** [Makefile:146: all] Error 2
