[1.400s] Invoking command in '/home/widha893/ros2_hil_quadrotor/build/sjtu_drone_description': CMAKE_PREFIX_PATH=${CMAKE_PREFIX_PATH}:/home/widha893/ros2_hil_quadrotor/install/sjtu_drone_control:/home/widha893/ros2_hil_quadrotor/install/sjtu_drone_bringup:/home/widha893/ros2_hil_quadrotor/install/sensor_data_logger:/home/widha893/ros2_hil_quadrotor/install/hitl:/opt/ros/humble:/home/widha893/ros2_hil_quadrotor/install: /usr/bin/cmake --build /home/widha893/ros2_hil_quadrotor/build/sjtu_drone_description -- -j8 -l8
[1.517s] [35m[1mConsolidate compiler generated dependencies of target plugin_drone[0m
[1.673s] [ 25%] [32mBuilding CXX object CMakeFiles/plugin_drone.dir/src/plugin_drone_private.cpp.o[0m
[15.786s] [01m[K/home/widha893/ros2_hil_quadrotor/sjtu_drone_description/src/plugin_drone_private.cpp:[m[K In destructor â€˜[01m[Kgazebo_plugins::DroneSimpleControllerPrivate::~DroneSimpleControllerPrivate()[m[Kâ€™:
[15.786s] [01m[K/home/widha893/ros2_hil_quadrotor/sjtu_drone_description/src/plugin_drone_private.cpp:40:9:[m[K [01;31m[Kerror: [m[Kâ€˜[01m[Kserial_port[m[Kâ€™ was not declared in this scope; did you mean â€˜[01m[Kboost::asio::serial_port[m[Kâ€™?
[15.786s]    40 |         [01;31m[Kserial_port[m[K.close();
[15.786s]       |         [01;31m[K^~~~~~~~~~~[m[K
[15.786s]       |         [32m[Kboost::asio::serial_port[m[K
[15.786s] In file included from [01m[K/usr/include/boost/asio.hpp:150[m[K,
[15.786s]                  from [01m[K/usr/include/gazebo-11/gazebo/transport/Connection.hh:36[m[K,
[15.787s]                  from [01m[K/usr/include/gazebo-11/gazebo/transport/transport.hh:3[m[K,
[15.787s]                  from [01m[K/usr/include/gazebo-11/gazebo/gazebo_core.hh:21[m[K,
[15.787s]                  from [01m[K/usr/include/gazebo-11/gazebo/gazebo.hh:20[m[K,
[15.787s]                  from [01m[K/home/widha893/ros2_hil_quadrotor/sjtu_drone_description/include/sjtu_drone_description/pid_controller.h:19[m[K,
[15.787s]                  from [01m[K/home/widha893/ros2_hil_quadrotor/sjtu_drone_description/include/sjtu_drone_description/plugin_drone_private.h:42[m[K,
[15.787s]                  from [01m[K/home/widha893/ros2_hil_quadrotor/sjtu_drone_description/src/plugin_drone_private.cpp:18[m[K:
[15.787s] [01m[K/usr/include/boost/asio/serial_port.hpp:30:29:[m[K [01;36m[Knote: [m[Kâ€˜[01m[Kboost::asio::serial_port[m[Kâ€™ declared here
[15.787s]    30 | typedef basic_serial_port<> [01;36m[Kserial_port[m[K;
[15.787s]       |                             [01;36m[K^~~~~~~~~~~[m[K
[15.838s] In file included from [01m[K/opt/ros/humble/include/rclcpp/rclcpp/logging.hpp:24[m[K,
[15.838s]                  from [01m[K/opt/ros/humble/include/gazebo_ros/conversions/generic.hpp:25[m[K,
[15.838s]                  from [01m[K/opt/ros/humble/include/gazebo_ros/conversions/builtin_interfaces.hpp:23[m[K,
[15.838s]                  from [01m[K/home/widha893/ros2_hil_quadrotor/sjtu_drone_description/src/plugin_drone_private.cpp:15[m[K:
[15.838s] [01m[K/home/widha893/ros2_hil_quadrotor/sjtu_drone_description/src/plugin_drone_private.cpp:[m[K In member function â€˜[01m[Kvoid gazebo_plugins::DroneSimpleControllerPrivate::decodeMessage(uint16_t)[m[Kâ€™:
[15.838s] [01m[K/home/widha893/ros2_hil_quadrotor/sjtu_drone_description/src/plugin_drone_private.cpp:299:26:[m[K [01;31m[Kerror: [m[Kâ€˜[01m[KHWIL_msg[m[Kâ€™ {aka â€˜[01m[Kstruct _HWIL_msg[m[Kâ€™} has no member named â€˜[01m[Ktotal_force[m[Kâ€™
[15.838s]   299 |                     msg_.[01;31m[Ktotal_force[m[K, msg_.torque_x, msg_.torque_y, msg_.torque_z);
[15.838s]       |                          [01;31m[K^~~~~~~~~~~[m[K
[15.838s] [01m[K/home/widha893/ros2_hil_quadrotor/sjtu_drone_description/src/plugin_drone_private.cpp:299:44:[m[K [01;31m[Kerror: [m[Kâ€˜[01m[KHWIL_msg[m[Kâ€™ {aka â€˜[01m[Kstruct _HWIL_msg[m[Kâ€™} has no member named â€˜[01m[Ktorque_x[m[Kâ€™
[15.838s]   299 |                     msg_.total_force, msg_.[01;31m[Ktorque_x[m[K, msg_.torque_y, msg_.torque_z);
[15.838s]       |                                            [01;31m[K^~~~~~~~[m[K
[15.838s] [01m[K/home/widha893/ros2_hil_quadrotor/sjtu_drone_description/src/plugin_drone_private.cpp:299:59:[m[K [01;31m[Kerror: [m[Kâ€˜[01m[KHWIL_msg[m[Kâ€™ {aka â€˜[01m[Kstruct _HWIL_msg[m[Kâ€™} has no member named â€˜[01m[Ktorque_y[m[Kâ€™
[15.839s]   299 |                     msg_.total_force, msg_.torque_x, msg_.[01;31m[Ktorque_y[m[K, msg_.torque_z);
[15.839s]       |                                                           [01;31m[K^~~~~~~~[m[K
[15.839s] [01m[K/home/widha893/ros2_hil_quadrotor/sjtu_drone_description/src/plugin_drone_private.cpp:299:74:[m[K [01;31m[Kerror: [m[Kâ€˜[01m[KHWIL_msg[m[Kâ€™ {aka â€˜[01m[Kstruct _HWIL_msg[m[Kâ€™} has no member named â€˜[01m[Ktorque_z[m[Kâ€™
[15.839s]   299 |                     msg_.total_force, msg_.torque_x, msg_.torque_y, msg_.[01;31m[Ktorque_z[m[K);
[15.839s]       |                                                                          [01;31m[K^~~~~~~~[m[K
[25.074s] gmake[2]: *** [CMakeFiles/plugin_drone.dir/build.make:90: CMakeFiles/plugin_drone.dir/src/plugin_drone_private.cpp.o] Error 1
[25.074s] gmake[1]: *** [CMakeFiles/Makefile2:137: CMakeFiles/plugin_drone.dir/all] Error 2
[25.074s] gmake: *** [Makefile:146: all] Error 2
[25.077s] Invoked command in '/home/widha893/ros2_hil_quadrotor/build/sjtu_drone_description' returned '2': CMAKE_PREFIX_PATH=${CMAKE_PREFIX_PATH}:/home/widha893/ros2_hil_quadrotor/install/sjtu_drone_control:/home/widha893/ros2_hil_quadrotor/install/sjtu_drone_bringup:/home/widha893/ros2_hil_quadrotor/install/sensor_data_logger:/home/widha893/ros2_hil_quadrotor/install/hitl:/opt/ros/humble:/home/widha893/ros2_hil_quadrotor/install: /usr/bin/cmake --build /home/widha893/ros2_hil_quadrotor/build/sjtu_drone_description -- -j8 -l8
