[01m[K/home/widha893/ros2_hil_quadrotor/sjtu_drone_description/src/plugin_drone_private.cpp:172:36:[m[K [01;31m[Kerror: [m[Kexpected identifier before â€˜[01m[K)[m[Kâ€™ token
  172 |   std::string pitch_command_topic_,[01;31m[K)[m[K
      |                                    [01;31m[K^[m[K
[01m[K/home/widha893/ros2_hil_quadrotor/sjtu_drone_description/src/plugin_drone_private.cpp:165:6:[m[K [01;31m[Kerror: [m[Kno declaration matches â€˜[01m[Kvoid gazebo_plugins::DroneSimpleControllerPrivate::InitPublishers(std::string, std::string, std::string, std::string, std::string, std::string, std::string, std::string, int)[m[Kâ€™
  165 | void [01;31m[KDroneSimpleControllerPrivate[m[K::InitPublishers(
      |      [01;31m[K^~~~~~~~~~~~~~~~~~~~~~~~~~~~[m[K
In file included from [01m[K/home/widha893/ros2_hil_quadrotor/sjtu_drone_description/src/plugin_drone_private.cpp:18[m[K:
[01m[K/home/widha893/ros2_hil_quadrotor/sjtu_drone_description/include/sjtu_drone_description/plugin_drone_private.h:73:8:[m[K [01;36m[Knote: [m[Kcandidate is: â€˜[01m[Kvoid gazebo_plugins::DroneSimpleControllerPrivate::InitPublishers(std::string, std::string, std::string, std::string, std::string, std::string, std::string, std::string)[m[Kâ€™
   73 |   void [01;36m[KInitPublishers[m[K(
      |        [01;36m[K^~~~~~~~~~~~~~[m[K
In file included from [01m[K/home/widha893/ros2_hil_quadrotor/sjtu_drone_description/src/plugin_drone_private.cpp:18[m[K:
[01m[K/home/widha893/ros2_hil_quadrotor/sjtu_drone_description/include/sjtu_drone_description/plugin_drone_private.h:60:7:[m[K [01;36m[Knote: [m[Kâ€˜[01m[Kclass gazebo_plugins::DroneSimpleControllerPrivate[m[Kâ€™ defined here
   60 | class [01;36m[KDroneSimpleControllerPrivate[m[K
      |       [01;36m[K^~~~~~~~~~~~~~~~~~~~~~~~~~~~[m[K
gmake[2]: *** [CMakeFiles/plugin_drone.dir/build.make:90: CMakeFiles/plugin_drone.dir/src/plugin_drone_private.cpp.o] Error 1
gmake[1]: *** [CMakeFiles/Makefile2:137: CMakeFiles/plugin_drone.dir/all] Error 2
gmake: *** [Makefile:146: all] Error 2
